gyp http GET http://nodejs.org/dist/v0.10.26/node-v0.10.26.tar.gz
gyp http 200 http://nodejs.org/dist/v0.10.26/node-v0.10.26.tar.gz
2014-03-04 17:16:56.047 xcodebuild[21462:507] Error loading /Developer/Library/Xcode/Plug-ins/XcodeSubversionPlugin.xcplugin/Contents/MacOS/XcodeSubversionPlugin:  dlopen(/Developer/Library/Xcode/Plug-ins/XcodeSubversionPlugin.xcplugin/Contents/MacOS/XcodeSubversionPlugin, 265): Library not loaded: /usr/lib/libsvn_client-1.0.dylib
  Referenced from: /Developer/Library/Xcode/Plug-ins/XcodeSubversionPlugin.xcplugin/Contents/MacOS/XcodeSubversionPlugin
  Reason: image not found
2014-03-04 17:16:56.048 xcodebuild[21462:507] WARNING: Failed to load plugin at: /Developer/Library/Xcode/Plug-ins/XcodeSubversionPlugin.xcplugin, skipping.  Could not load bundle.
In file included from /Users/wim/.node-gyp/0.10.26/deps/v8/include/v8.h:41,
                 from ../src/bufferutil.cc:7:
/Users/wim/.node-gyp/0.10.26/deps/v8/include/v8stdint.h:34:19: warning: stdio.h: No such file or directory
In file included from /Users/wim/.node-gyp/0.10.26/src/node.h:61,
                 from ../src/bufferutil.cc:8:
/Users/wim/.node-gyp/0.10.26/deps/uv/include/uv.h:59:36: warning: sys/types.h: No such file or directory
In file included from /Users/wim/.node-gyp/0.10.26/deps/uv/include/uv.h:67,
                 from /Users/wim/.node-gyp/0.10.26/src/node.h:61,
                 from ../src/bufferutil.cc:8:
/Users/wim/.node-gyp/0.10.26/deps/uv/include/uv-private/uv-unix.h:28:22: warning: sys/stat.h: No such file or directory
/Users/wim/.node-gyp/0.10.26/deps/uv/include/uv-private/uv-unix.h:29:19: warning: fcntl.h: No such file or directory
/Users/wim/.node-gyp/0.10.26/deps/uv/include/uv-private/uv-unix.h:31:24: warning: sys/socket.h: No such file or directory
/Users/wim/.node-gyp/0.10.26/deps/uv/include/uv-private/uv-unix.h:32:24: warning: netinet/in.h: No such file or directory
/Users/wim/.node-gyp/0.10.26/deps/uv/include/uv-private/uv-unix.h:33:25: warning: netinet/tcp.h: No such file or directory
/Users/wim/.node-gyp/0.10.26/deps/uv/include/uv-private/uv-unix.h:34:23: warning: arpa/inet.h: No such file or directory
/Users/wim/.node-gyp/0.10.26/deps/uv/include/uv-private/uv-unix.h:35:19: warning: netdb.h: No such file or directory
/Users/wim/.node-gyp/0.10.26/deps/uv/include/uv-private/uv-unix.h:37:21: warning: termios.h: No such file or directory
/Users/wim/.node-gyp/0.10.26/deps/uv/include/uv-private/uv-unix.h:38:17: warning: pwd.h: No such file or directory
/Users/wim/.node-gyp/0.10.26/deps/uv/include/uv-private/uv-unix.h:40:23: warning: semaphore.h: No such file or directory
/Users/wim/.node-gyp/0.10.26/deps/uv/include/uv-private/uv-unix.h:41:21: warning: pthread.h: No such file or directory
/Users/wim/.node-gyp/0.10.26/deps/uv/include/uv-private/uv-unix.h:42:20: warning: signal.h: No such file or directory
In file included from /Users/wim/.node-gyp/0.10.26/deps/uv/include/uv-private/uv-unix.h:49,
                 from /Users/wim/.node-gyp/0.10.26/deps/uv/include/uv.h:67,
                 from /Users/wim/.node-gyp/0.10.26/src/node.h:61,
                 from ../src/bufferutil.cc:8:
/Users/wim/.node-gyp/0.10.26/deps/uv/include/uv-private/uv-darwin.h:26:24: warning: mach/mach.h: No such file or directory
/Users/wim/.node-gyp/0.10.26/deps/uv/include/uv-private/uv-darwin.h:27:24: warning: mach/task.h: No such file or directory
/Users/wim/.node-gyp/0.10.26/deps/uv/include/uv-private/uv-darwin.h:28:29: warning: mach/semaphore.h: No such file or directory
/Users/wim/.node-gyp/0.10.26/deps/uv/include/uv-private/uv-darwin.h:29:33: warning: TargetConditionals.h: No such file or directory
In file included from ../src/bufferutil.cc:8:
/Users/wim/.node-gyp/0.10.26/src/node.h:65:20: warning: assert.h: No such file or directory
../src/bufferutil.cc:11:20: warning: stdlib.h: No such file or directory
../src/bufferutil.cc:12:20: warning: string.h: No such file or directory
../src/bufferutil.cc:13:19: warning: wchar.h: No such file or directory
In file included from ../src/bufferutil.cc:7:
/Users/wim/.node-gyp/0.10.26/deps/v8/include/v8.h:751: error: ‘FILE’ has not been declared
In file included from /Users/wim/.node-gyp/0.10.26/deps/uv/include/uv.h:67,
                 from /Users/wim/.node-gyp/0.10.26/src/node.h:61,
                 from ../src/bufferutil.cc:8:
/Users/wim/.node-gyp/0.10.26/deps/uv/include/uv-private/uv-unix.h:128: error: ‘pthread_once_t’ does not name a type
/Users/wim/.node-gyp/0.10.26/deps/uv/include/uv-private/uv-unix.h:129: error: ‘pthread_t’ does not name a type
/Users/wim/.node-gyp/0.10.26/deps/uv/include/uv-private/uv-unix.h:130: error: ‘pthread_mutex_t’ does not name a type
/Users/wim/.node-gyp/0.10.26/deps/uv/include/uv-private/uv-unix.h:131: error: ‘pthread_rwlock_t’ does not name a type
/Users/wim/.node-gyp/0.10.26/deps/uv/include/uv-private/uv-unix.h:132: error: ‘semaphore_t’ does not name a type
/Users/wim/.node-gyp/0.10.26/deps/uv/include/uv-private/uv-unix.h:133: error: ‘pthread_cond_t’ does not name a type
/Users/wim/.node-gyp/0.10.26/deps/uv/include/uv-private/uv-unix.h:141: error: ‘uv_mutex_t’ does not name a type
/Users/wim/.node-gyp/0.10.26/deps/uv/include/uv-private/uv-unix.h:142: error: ‘uv_sem_t’ does not name a type
/Users/wim/.node-gyp/0.10.26/deps/uv/include/uv-private/uv-unix.h:143: error: ‘uv_sem_t’ does not name a type
/Users/wim/.node-gyp/0.10.26/deps/uv/include/uv-private/uv-unix.h:153: error: ‘gid_t’ does not name a type
/Users/wim/.node-gyp/0.10.26/deps/uv/include/uv-private/uv-unix.h:154: error: ‘uid_t’ does not name a type
In file included from /Users/wim/.node-gyp/0.10.26/src/node.h:61,
                 from ../src/bufferutil.cc:8:
/Users/wim/.node-gyp/0.10.26/deps/uv/include/uv.h:357: error: ‘ssize_t’ has not been declared
/Users/wim/.node-gyp/0.10.26/deps/uv/include/uv.h:364: error: ‘ssize_t’ has not been declared
/Users/wim/.node-gyp/0.10.26/deps/uv/include/uv.h:768: error: ‘ssize_t’ has not been declared
/Users/wim/.node-gyp/0.10.26/deps/uv/include/uv.h:782: error: field ‘addr’ has incomplete type
/Users/wim/.node-gyp/0.10.26/deps/uv/include/uv.h:782: error: ‘ssize_t’ does not name a type
/Users/wim/.node-gyp/0.10.26/deps/uv/include/uv.h:971: error: field ‘orig_termios’ has incomplete type
/Users/wim/.node-gyp/0.10.26/deps/uv/include/uv.h:1352: error: ‘uv_uid_t’ does not name a type
/Users/wim/.node-gyp/0.10.26/deps/uv/include/uv.h:1353: error: ‘uv_gid_t’ does not name a type
/Users/wim/.node-gyp/0.10.26/deps/uv/include/uv.h:1476: error: field ‘address4’ has incomplete type
/Users/wim/.node-gyp/0.10.26/deps/uv/include/uv.h:1477: error: field ‘address6’ has incomplete type
/Users/wim/.node-gyp/0.10.26/deps/uv/include/uv.h:1553: error: ‘ssize_t’ does not name a type
/Users/wim/.node-gyp/0.10.26/deps/uv/include/uv.h:1557: error: field ‘statbuf’ has incomplete type
/Users/wim/.node-gyp/0.10.26/deps/uv/include/uv.h:1558: error: ‘mode_t’ does not name a type
/Users/wim/.node-gyp/0.10.26/deps/uv/include/uv.h:1558: error: ‘off_t’ does not name a type
/Users/wim/.node-gyp/0.10.26/deps/uv/include/uv.h:1558: error: ‘uv_uid_t’ does not name a type
/Users/wim/.node-gyp/0.10.26/deps/uv/include/uv.h:1558: error: ‘uv_gid_t’ does not name a type
/Users/wim/.node-gyp/0.10.26/deps/uv/include/uv.h:1645: error: ‘uv_uid_t’ has not been declared
/Users/wim/.node-gyp/0.10.26/deps/uv/include/uv.h:1645: error: ‘uv_gid_t’ has not been declared
/Users/wim/.node-gyp/0.10.26/deps/uv/include/uv.h:1648: error: ‘uv_uid_t’ has not been declared
/Users/wim/.node-gyp/0.10.26/deps/uv/include/uv.h:1648: error: ‘uv_gid_t’ has not been declared
/Users/wim/.node-gyp/0.10.26/deps/uv/include/uv.h:1660: error: ‘uv_sem_t’ does not name a type
/Users/wim/.node-gyp/0.10.26/deps/uv/include/uv.h:1660: error: ‘uv_mutex_t’ does not name a type
/Users/wim/.node-gyp/0.10.26/deps/uv/include/uv.h:1872: error: ‘uv_mutex_t’ was not declared in this scope
/Users/wim/.node-gyp/0.10.26/deps/uv/include/uv.h:1872: error: ‘handle’ was not declared in this scope
/Users/wim/.node-gyp/0.10.26/deps/uv/include/uv.h:1873: error: variable or field ‘uv_mutex_destroy’ declared void
/Users/wim/.node-gyp/0.10.26/deps/uv/include/uv.h:1873: error: ‘uv_mutex_t’ was not declared in this scope
/Users/wim/.node-gyp/0.10.26/deps/uv/include/uv.h:1873: error: ‘handle’ was not declared in this scope
/Users/wim/.node-gyp/0.10.26/deps/uv/include/uv.h:1874: error: variable or field ‘uv_mutex_lock’ declared void
/Users/wim/.node-gyp/0.10.26/deps/uv/include/uv.h:1874: error: ‘uv_mutex_t’ was not declared in this scope
/Users/wim/.node-gyp/0.10.26/deps/uv/include/uv.h:1874: error: ‘handle’ was not declared in this scope
/Users/wim/.node-gyp/0.10.26/deps/uv/include/uv.h:1875: error: ‘uv_mutex_t’ was not declared in this scope
/Users/wim/.node-gyp/0.10.26/deps/uv/include/uv.h:1875: error: ‘handle’ was not declared in this scope
/Users/wim/.node-gyp/0.10.26/deps/uv/include/uv.h:1876: error: variable or field ‘uv_mutex_unlock’ declared void
/Users/wim/.node-gyp/0.10.26/deps/uv/include/uv.h:1876: error: ‘uv_mutex_t’ was not declared in this scope
/Users/wim/.node-gyp/0.10.26/deps/uv/include/uv.h:1876: error: ‘handle’ was not declared in this scope
/Users/wim/.node-gyp/0.10.26/deps/uv/include/uv.h:1881: error: ‘uv_rwlock_t’ was not declared in this scope
/Users/wim/.node-gyp/0.10.26/deps/uv/include/uv.h:1881: error: ‘rwlock’ was not declared in this scope
/Users/wim/.node-gyp/0.10.26/deps/uv/include/uv.h:1882: error: variable or field ‘uv_rwlock_destroy’ declared void
/Users/wim/.node-gyp/0.10.26/deps/uv/include/uv.h:1882: error: ‘uv_rwlock_t’ was not declared in this scope
/Users/wim/.node-gyp/0.10.26/deps/uv/include/uv.h:1882: error: ‘rwlock’ was not declared in this scope
/Users/wim/.node-gyp/0.10.26/deps/uv/include/uv.h:1883: error: variable or field ‘uv_rwlock_rdlock’ declared void
/Users/wim/.node-gyp/0.10.26/deps/uv/include/uv.h:1883: error: ‘uv_rwlock_t’ was not declared in this scope
/Users/wim/.node-gyp/0.10.26/deps/uv/include/uv.h:1883: error: ‘rwlock’ was not declared in this scope
/Users/wim/.node-gyp/0.10.26/deps/uv/include/uv.h:1884: error: ‘uv_rwlock_t’ was not declared in this scope
/Users/wim/.node-gyp/0.10.26/deps/uv/include/uv.h:1884: error: ‘rwlock’ was not declared in this scope
/Users/wim/.node-gyp/0.10.26/deps/uv/include/uv.h:1885: error: variable or field ‘uv_rwlock_rdunlock’ declared void
/Users/wim/.node-gyp/0.10.26/deps/uv/include/uv.h:1885: error: ‘uv_rwlock_t’ was not declared in this scope
/Users/wim/.node-gyp/0.10.26/deps/uv/include/uv.h:1885: error: ‘rwlock’ was not declared in this scope
/Users/wim/.node-gyp/0.10.26/deps/uv/include/uv.h:1886: error: variable or field ‘uv_rwlock_wrlock’ declared void
/Users/wim/.node-gyp/0.10.26/deps/uv/include/uv.h:1886: error: ‘uv_rwlock_t’ was not declared in this scope
/Users/wim/.node-gyp/0.10.26/deps/uv/include/uv.h:1886: error: ‘rwlock’ was not declared in this scope
/Users/wim/.node-gyp/0.10.26/deps/uv/include/uv.h:1887: error: ‘uv_rwlock_t’ was not declared in this scope
/Users/wim/.node-gyp/0.10.26/deps/uv/include/uv.h:1887: error: ‘rwlock’ was not declared in this scope
/Users/wim/.node-gyp/0.10.26/deps/uv/include/uv.h:1888: error: variable or field ‘uv_rwlock_wrunlock’ declared void
/Users/wim/.node-gyp/0.10.26/deps/uv/include/uv.h:1888: error: ‘uv_rwlock_t’ was not declared in this scope
/Users/wim/.node-gyp/0.10.26/deps/uv/include/uv.h:1888: error: ‘rwlock’ was not declared in this scope
/Users/wim/.node-gyp/0.10.26/deps/uv/include/uv.h:1893: error: ‘uv_sem_t’ was not declared in this scope
/Users/wim/.node-gyp/0.10.26/deps/uv/include/uv.h:1893: error: ‘sem’ was not declared in this scope
/Users/wim/.node-gyp/0.10.26/deps/uv/include/uv.h:1893: error: expected primary-expression before ‘unsigned’
/Users/wim/.node-gyp/0.10.26/deps/uv/include/uv.h:1893: error: initializer expression list treated as compound expression
/Users/wim/.node-gyp/0.10.26/deps/uv/include/uv.h:1894: error: variable or field ‘uv_sem_destroy’ declared void
/Users/wim/.node-gyp/0.10.26/deps/uv/include/uv.h:1894: error: ‘uv_sem_t’ was not declared in this scope
/Users/wim/.node-gyp/0.10.26/deps/uv/include/uv.h:1894: error: ‘sem’ was not declared in this scope
/Users/wim/.node-gyp/0.10.26/deps/uv/include/uv.h:1895: error: variable or field ‘uv_sem_post’ declared void
/Users/wim/.node-gyp/0.10.26/deps/uv/include/uv.h:1895: error: ‘uv_sem_t’ was not declared in this scope
/Users/wim/.node-gyp/0.10.26/deps/uv/include/uv.h:1895: error: ‘sem’ was not declared in this scope
/Users/wim/.node-gyp/0.10.26/deps/uv/include/uv.h:1896: error: variable or field ‘uv_sem_wait’ declared void
/Users/wim/.node-gyp/0.10.26/deps/uv/include/uv.h:1896: error: ‘uv_sem_t’ was not declared in this scope
/Users/wim/.node-gyp/0.10.26/deps/uv/include/uv.h:1896: error: ‘sem’ was not declared in this scope
/Users/wim/.node-gyp/0.10.26/deps/uv/include/uv.h:1897: error: ‘uv_sem_t’ was not declared in this scope
/Users/wim/.node-gyp/0.10.26/deps/uv/include/uv.h:1897: error: ‘sem’ was not declared in this scope
/Users/wim/.node-gyp/0.10.26/deps/uv/include/uv.h:1902: error: ‘uv_cond_t’ was not declared in this scope
/Users/wim/.node-gyp/0.10.26/deps/uv/include/uv.h:1902: error: ‘cond’ was not declared in this scope
/Users/wim/.node-gyp/0.10.26/deps/uv/include/uv.h:1903: error: variable or field ‘uv_cond_destroy’ declared void
/Users/wim/.node-gyp/0.10.26/deps/uv/include/uv.h:1903: error: ‘uv_cond_t’ was not declared in this scope
/Users/wim/.node-gyp/0.10.26/deps/uv/include/uv.h:1903: error: ‘cond’ was not declared in this scope
/Users/wim/.node-gyp/0.10.26/deps/uv/include/uv.h:1904: error: variable or field ‘uv_cond_signal’ declared void
/Users/wim/.node-gyp/0.10.26/deps/uv/include/uv.h:1904: error: ‘uv_cond_t’ was not declared in this scope
/Users/wim/.node-gyp/0.10.26/deps/uv/include/uv.h:1904: error: ‘cond’ was not declared in this scope
/Users/wim/.node-gyp/0.10.26/deps/uv/include/uv.h:1905: error: variable or field ‘uv_cond_broadcast’ declared void
/Users/wim/.node-gyp/0.10.26/deps/uv/include/uv.h:1905: error: ‘uv_cond_t’ was not declared in this scope
/Users/wim/.node-gyp/0.10.26/deps/uv/include/uv.h:1905: error: ‘cond’ was not declared in this scope
/Users/wim/.node-gyp/0.10.26/deps/uv/include/uv.h:1911: error: variable or field ‘uv_cond_wait’ declared void
/Users/wim/.node-gyp/0.10.26/deps/uv/include/uv.h:1911: error: ‘uv_cond_t’ was not declared in this scope
/Users/wim/.node-gyp/0.10.26/deps/uv/include/uv.h:1911: error: ‘cond’ was not declared in this scope
/Users/wim/.node-gyp/0.10.26/deps/uv/include/uv.h:1911: error: ‘uv_mutex_t’ was not declared in this scope
/Users/wim/.node-gyp/0.10.26/deps/uv/include/uv.h:1911: error: ‘mutex’ was not declared in this scope
/Users/wim/.node-gyp/0.10.26/deps/uv/include/uv.h:1920: error: ‘uv_cond_t’ was not declared in this scope
/Users/wim/.node-gyp/0.10.26/deps/uv/include/uv.h:1920: error: ‘cond’ was not declared in this scope
/Users/wim/.node-gyp/0.10.26/deps/uv/include/uv.h:1920: error: ‘uv_mutex_t’ was not declared in this scope
/Users/wim/.node-gyp/0.10.26/deps/uv/include/uv.h:1920: error: ‘mutex’ was not declared in this scope
/Users/wim/.node-gyp/0.10.26/deps/uv/include/uv.h:1921: error: expected primary-expression before ‘timeout’
/Users/wim/.node-gyp/0.10.26/deps/uv/include/uv.h:1921: error: initializer expression list treated as compound expression
/Users/wim/.node-gyp/0.10.26/deps/uv/include/uv.h:1931: error: variable or field ‘uv_once’ declared void
/Users/wim/.node-gyp/0.10.26/deps/uv/include/uv.h:1931: error: ‘uv_once_t’ was not declared in this scope
/Users/wim/.node-gyp/0.10.26/deps/uv/include/uv.h:1931: error: ‘guard’ was not declared in this scope
/Users/wim/.node-gyp/0.10.26/deps/uv/include/uv.h:1931: error: ‘callback’ was not declared in this scope
/Users/wim/.node-gyp/0.10.26/deps/uv/include/uv.h:1931: error: expected primary-expression before ‘void’
/Users/wim/.node-gyp/0.10.26/deps/uv/include/uv.h:1933: error: ‘uv_thread_t’ was not declared in this scope
/Users/wim/.node-gyp/0.10.26/deps/uv/include/uv.h:1933: error: ‘tid’ was not declared in this scope
/Users/wim/.node-gyp/0.10.26/deps/uv/include/uv.h:1934: error: ‘entry’ was not declared in this scope
/Users/wim/.node-gyp/0.10.26/deps/uv/include/uv.h:1934: error: expected primary-expression before ‘void’
/Users/wim/.node-gyp/0.10.26/deps/uv/include/uv.h:1934: error: expected primary-expression before ‘void’
/Users/wim/.node-gyp/0.10.26/deps/uv/include/uv.h:1934: error: initializer expression list treated as compound expression
/Users/wim/.node-gyp/0.10.26/deps/uv/include/uv.h:1936: error: ‘uv_thread_t’ was not declared in this scope
/Users/wim/.node-gyp/0.10.26/deps/uv/include/uv.h:1936: error: ‘tid’ was not declared in this scope
/Users/wim/.node-gyp/0.10.26/deps/uv/include/uv.h:1980: error: ‘uv_mutex_t’ does not name a type
/Users/wim/.node-gyp/0.10.26/deps/uv/include/uv.h:1980: error: ‘uv_thread_t’ does not name a type
/Users/wim/.node-gyp/0.10.26/deps/uv/include/uv.h:1980: error: ‘uv_mutex_t’ does not name a type
/Users/wim/.node-gyp/0.10.26/deps/uv/include/uv.h:1980: error: ‘uv_sem_t’ does not name a type
In file included from /Users/wim/.node-gyp/0.10.26/src/node.h:67,
                 from ../src/bufferutil.cc:8:
/Users/wim/.node-gyp/0.10.26/src/node_object_wrap.h: In destructor ‘virtual node::ObjectWrap::~ObjectWrap()’:
/Users/wim/.node-gyp/0.10.26/src/node_object_wrap.h:49: error: ‘assert’ was not declared in this scope
/Users/wim/.node-gyp/0.10.26/src/node_object_wrap.h: In static member function ‘static T* node::ObjectWrap::Unwrap(v8::Handle<v8::Object>)’:
/Users/wim/.node-gyp/0.10.26/src/node_object_wrap.h:60: error: there are no arguments to ‘assert’ that depend on a template parameter, so a declaration of ‘assert’ must be available
/Users/wim/.node-gyp/0.10.26/src/node_object_wrap.h:60: error: (if you use ‘-fpermissive’, G++ will accept your code, but allowing the use of an undeclared name is deprecated)
/Users/wim/.node-gyp/0.10.26/src/node_object_wrap.h:61: error: there are no arguments to ‘assert’ that depend on a template parameter, so a declaration of ‘assert’ must be available
/Users/wim/.node-gyp/0.10.26/src/node_object_wrap.h: In member function ‘void node::ObjectWrap::Wrap(v8::Handle<v8::Object>)’:
/Users/wim/.node-gyp/0.10.26/src/node_object_wrap.h:70: error: ‘assert’ was not declared in this scope
/Users/wim/.node-gyp/0.10.26/src/node_object_wrap.h: In member function ‘virtual void node::ObjectWrap::Ref()’:
/Users/wim/.node-gyp/0.10.26/src/node_object_wrap.h:88: error: ‘assert’ was not declared in this scope
/Users/wim/.node-gyp/0.10.26/src/node_object_wrap.h: In member function ‘virtual void node::ObjectWrap::Unref()’:
/Users/wim/.node-gyp/0.10.26/src/node_object_wrap.h:103: error: ‘assert’ was not declared in this scope
/Users/wim/.node-gyp/0.10.26/src/node_object_wrap.h: In static member function ‘static void node::ObjectWrap::WeakCallback(v8::Persistent<v8::Value>, void*)’:
/Users/wim/.node-gyp/0.10.26/src/node_object_wrap.h:118: error: ‘assert’ was not declared in this scope
In file included from ../src/bufferutil.cc:8:
/Users/wim/.node-gyp/0.10.26/src/node.h: At global scope:
/Users/wim/.node-gyp/0.10.26/src/node.h:141: error: ‘ssize_t’ does not name a type
/Users/wim/.node-gyp/0.10.26/src/node.h:145: error: ‘ssize_t’ does not name a type
/Users/wim/.node-gyp/0.10.26/src/node.h: In function ‘v8::Persistent<v8::Function>* node::cb_unwrap(void*)’:
/Users/wim/.node-gyp/0.10.26/src/node.h:163: error: ‘assert’ was not declared in this scope
In file included from ../src/bufferutil.cc:9:
/Users/wim/.node-gyp/0.10.26/src/node_buffer.h: In static member function ‘static char* node::Buffer::Data(v8::Handle<v8::Value>)’:
/Users/wim/.node-gyp/0.10.26/src/node_buffer.h:76: error: ‘assert’ was not declared in this scope
/Users/wim/.node-gyp/0.10.26/src/node_buffer.h: In static member function ‘static size_t node::Buffer::Length(v8::Handle<v8::Value>)’:
/Users/wim/.node-gyp/0.10.26/src/node_buffer.h:86: error: ‘assert’ was not declared in this scope
In file included from ../src/bufferutil.cc:15:
/Users/wim/Code/raspberrypi/domotica/sandbox/socket.io/node_modules/socket.io/node_modules/socket.io-client/node_modules/ws/node_modules/nan/nan.h: In function ‘bool _NanGetExternalParts(v8::Handle<v8::Value>, const char**, size_t*)’:
/Users/wim/Code/raspberrypi/domotica/sandbox/socket.io/node_modules/socket.io/node_modules/socket.io-client/node_modules/ws/node_modules/nan/nan.h:715: error: ‘assert’ was not declared in this scope
/Users/wim/Code/raspberrypi/domotica/sandbox/socket.io/node_modules/socket.io/node_modules/socket.io-client/node_modules/ws/node_modules/nan/nan.h: In function ‘char* NanFromV8String(v8::Handle<v8::Value>, Nan::Encoding, size_t*, char*, size_t, int)’:
/Users/wim/Code/raspberrypi/domotica/sandbox/socket.io/node_modules/socket.io/node_modules/socket.io-client/node_modules/ws/node_modules/nan/nan.h:777: error: ‘assert’ was not declared in this scope
/Users/wim/Code/raspberrypi/domotica/sandbox/socket.io/node_modules/socket.io/node_modules/socket.io-client/node_modules/ws/node_modules/nan/nan.h:790: error: ‘assert’ was not declared in this scope
/Users/wim/Code/raspberrypi/domotica/sandbox/socket.io/node_modules/socket.io/node_modules/socket.io-client/node_modules/ws/node_modules/nan/nan.h:825: error: ‘assert’ was not declared in this scope
/Users/wim/Code/raspberrypi/domotica/sandbox/socket.io/node_modules/socket.io/node_modules/socket.io-client/node_modules/ws/node_modules/nan/nan.h:836: error: ‘assert’ was not declared in this scope
/Users/wim/Code/raspberrypi/domotica/sandbox/socket.io/node_modules/socket.io/node_modules/socket.io-client/node_modules/ws/node_modules/nan/nan.h:851: error: ‘assert’ was not declared in this scope
/Users/wim/Code/raspberrypi/domotica/sandbox/socket.io/node_modules/socket.io/node_modules/socket.io-client/node_modules/ws/node_modules/nan/nan.h:864: error: ‘assert’ was not declared in this scope
../src/bufferutil.cc: In static member function ‘static v8::Handle<v8::Value> BufferUtil::Merge(const v8::Arguments&)’:
../src/bufferutil.cc:57: error: ‘memcpy’ was not declared in this scope
make: *** [Release/obj.target/bufferutil/src/bufferutil.o] Error 1
gyp ERR! build error 
gyp ERR! stack Error: `make` failed with exit code: 2
gyp ERR! stack     at ChildProcess.onExit (/usr/local/lib/node_modules/npm/node_modules/node-gyp/lib/build.js:267:23)
gyp ERR! stack     at ChildProcess.EventEmitter.emit (events.js:98:17)
gyp ERR! stack     at Process.ChildProcess._handle.onexit (child_process.js:797:12)
gyp ERR! System Darwin 13.0.0
gyp ERR! command "node" "/usr/local/lib/node_modules/npm/node_modules/node-gyp/bin/node-gyp.js" "rebuild"
gyp ERR! cwd /Users/wim/Code/raspberrypi/domotica/sandbox/socket.io/node_modules/socket.io/node_modules/socket.io-client/node_modules/ws
gyp ERR! node -v v0.10.26
gyp ERR! node-gyp -v v0.12.2
gyp ERR! not ok 
